<?xml version="1.0" encoding="UTF-8"?>
<!-- Generated by org.testng.reporters.JUnitReportReporter -->
<testsuite hostname="LAPTOP-PONECF60" failures="0" tests="3" name="readdata.Launch" time="25.369" errors="0" timestamp="2023-09-26T16:58:16 BST" skipped="0">
  <testcase classname="readdata.Launch" name="registerUser" time="13.194"/>
  <testcase classname="readdata.Launch" name="registerUser" time="6.091"/>
  <testcase classname="readdata.Launch" name="registerUser" time="6.084"/>
</testsuite> <!-- readdata.Launch -->
