<?xml version="1.0" encoding="UTF-8"?>
<!-- Generated by org.testng.reporters.JUnitReportReporter -->
<testsuite hostname="LAPTOP-PONECF60" failures="0" tests="1" name="assertion.UnderstandingAssertions" time="7.978" errors="0" timestamp="2023-10-03T17:27:01 BST" skipped="0">
  <testcase classname="assertion.UnderstandingAssertions" name="create" time="7.978"/>
</testsuite> <!-- assertion.UnderstandingAssertions -->
