<?xml version="1.0" encoding="UTF-8"?>
<!-- Generated by org.testng.reporters.JUnitReportReporter -->
<testsuite hostname="LAPTOP-PONECF60" failures="0" tests="4" name="workingWithTestNG.WorkingDependsOnMethod" time="0.028" errors="0" timestamp="2023-09-05T19:29:05 BST" skipped="0">
  <testcase classname="workingWithTestNG.WorkingDependsOnMethod" name="logout" time="0.005"/>
  <testcase classname="workingWithTestNG.WorkingDependsOnMethod" name="Home" time="0.015"/>
  <testcase classname="workingWithTestNG.WorkingDependsOnMethod" name="login" time="0.002"/>
  <testcase classname="workingWithTestNG.WorkingDependsOnMethod" name="register" time="0.006"/>
</testsuite> <!-- workingWithTestNG.WorkingDependsOnMethod -->
