<?xml version="1.0" encoding="UTF-8"?>
<!-- Generated by org.testng.reporters.JUnitReportReporter -->
<testsuite hostname="LAPTOP-PONECF60" failures="0" tests="2" name="workingWithTestNG.WorkingWithChronologyOfTestNG" time="0.015" errors="0" timestamp="2023-09-07T18:28:37 BST" skipped="0">
  <testcase classname="workingWithTestNG.WorkingWithChronologyOfTestNG" name="logout" time="0.006"/>
  <testcase classname="workingWithTestNG.WorkingWithChronologyOfTestNG" name="login" time="0.009"/>
</testsuite> <!-- workingWithTestNG.WorkingWithChronologyOfTestNG -->
