<?xml version="1.0" encoding="UTF-8"?>
<!-- Generated by org.testng.reporters.JUnitReportReporter -->
<testsuite hostname="LAPTOP-PONECF60" failures="0" tests="6" name="workingWithTestNG.Sample" time="0.058" errors="0" timestamp="2023-09-05T18:05:15 BST" skipped="0">
  <testcase classname="workingWithTestNG.Sample" name="Home" time="0.042"/>
  <testcase classname="workingWithTestNG.Sample" name="logOut" time="0.002"/>
  <testcase classname="workingWithTestNG.Sample" name="login" time="0.001"/>
  <testcase classname="workingWithTestNG.Sample" name="payment" time="0.001"/>
  <testcase classname="workingWithTestNG.Sample" name="Register" time="0.006"/>
  <testcase classname="workingWithTestNG.Sample" name="productCart" time="0.006"/>
</testsuite> <!-- workingWithTestNG.Sample -->
