<?xml version="1.0" encoding="UTF-8"?>
<!-- Generated by org.testng.reporters.JUnitReportReporter -->
<testsuite hostname="LAPTOP-PONECF60" failures="0" tests="3" name="workingWithTestNG.WorkingWithHelpingAttributes" time="0.018" errors="0" timestamp="2023-09-06T18:09:47 BST" skipped="1">
  <testcase classname="workingWithTestNG.WorkingWithHelpingAttributes" name="login" time="0.013"/>
  <testcase classname="workingWithTestNG.WorkingWithHelpingAttributes" name="register" time="0.005"/>
  <testcase classname="workingWithTestNG.WorkingWithHelpingAttributes" name="Home">
    <skipped/>
  </testcase> <!-- Home -->
</testsuite> <!-- workingWithTestNG.WorkingWithHelpingAttributes -->
