<?xml version="1.0" encoding="UTF-8"?>
<!-- Generated by org.testng.reporters.JUnitReportReporter -->
<testsuite hostname="LAPTOP-PONECF60" failures="0" tests="1" name="workingWithTestNG.TestCase_003" time="5.478" errors="0" timestamp="2023-09-14T19:31:41 BST" skipped="0">
  <testcase classname="workingWithTestNG.TestCase_003" name="Function3" time="5.478"/>
</testsuite> <!-- workingWithTestNG.TestCase_003 -->
