<?xml version="1.0" encoding="UTF-8"?>
<!-- Generated by org.testng.reporters.JUnitReportReporter -->
<testsuite hostname="LAPTOP-PONECF60" failures="0" tests="1" name="workingWithTestNG.TestCase_002" time="7.900" errors="0" timestamp="2023-09-14T19:37:25 BST" skipped="0">
  <testcase classname="workingWithTestNG.TestCase_002" name="Function2" time="7.900"/>
</testsuite> <!-- workingWithTestNG.TestCase_002 -->
