<?xml version="1.0" encoding="UTF-8"?>
<!-- Generated by org.testng.reporters.JUnitReportReporter -->
<testsuite hostname="LAPTOP-PONECF60" failures="0" tests="1" name="readdata.ReadDataFromPropertiesFile" time="0.010" errors="0" timestamp="2023-09-22T12:35:40 BST" skipped="0">
  <testcase classname="readdata.ReadDataFromPropertiesFile" name="getdata" time="0.010"/>
</testsuite> <!-- readdata.ReadDataFromPropertiesFile -->
