<?xml version="1.0" encoding="UTF-8"?>
<!-- Generated by org.testng.reporters.JUnitReportReporter -->
<testsuite hostname="LAPTOP-PONECF60" failures="0" tests="1" name="examplePOM.TC_Login_001" time="6.575" errors="0" timestamp="2023-09-22T12:18:18 BST" skipped="0">
  <testcase classname="examplePOM.TC_Login_001" name="test01" time="6.575"/>
</testsuite> <!-- examplePOM.TC_Login_001 -->
