<?xml version="1.0" encoding="UTF-8"?>
<!-- Generated by org.testng.reporters.JUnitReportReporter -->
<testsuite hostname="LAPTOP-PONECF60" failures="0" tests="1" name="workingWithTestNG.TestCaseChildClass" time="5.973" errors="0" timestamp="2023-09-18T16:51:22 BST" skipped="0">
  <testcase classname="workingWithTestNG.TestCaseChildClass" name="Computer" time="5.973"/>
</testsuite> <!-- workingWithTestNG.TestCaseChildClass -->
