<?xml version="1.0" encoding="UTF-8"?>
<!-- Generated by org.testng.reporters.JUnitReportReporter -->
<testsuite hostname="LAPTOP-PONECF60" failures="0" tests="1" name="workingWithTestNG.TestCase_001" time="6.872" errors="0" timestamp="2023-09-14T19:37:25 BST" skipped="0">
  <testcase classname="workingWithTestNG.TestCase_001" name="Function1" time="6.872"/>
</testsuite> <!-- workingWithTestNG.TestCase_001 -->
