<?xml version="1.0" encoding="UTF-8"?>
<!-- Generated by org.testng.reporters.JUnitReportReporter -->
<testsuite hostname="LAPTOP-PONECF60" failures="0" tests="2" name="readdata.Login" time="17.936" errors="0" timestamp="2023-09-27T18:00:56 BST" skipped="0">
  <testcase classname="readdata.Login" name="loginWithCred" time="8.300"/>
  <testcase classname="readdata.Login" name="loginWithCred" time="9.636"/>
</testsuite> <!-- readdata.Login -->
