<?xml version="1.0" encoding="UTF-8"?>
<!-- Generated by org.testng.reporters.JUnitReportReporter -->
<testsuite hostname="LAPTOP-PONECF60" failures="0" tests="2" name="readdata.Register" time="23.579" errors="0" timestamp="2023-09-26T17:14:43 BST" skipped="0">
  <testcase classname="readdata.Register" name="registerUser" time="11.531"/>
  <testcase classname="readdata.Register" name="registerUser" time="12.048"/>
</testsuite> <!-- readdata.Register -->
