<?xml version="1.0" encoding="UTF-8"?>
<!-- Generated by org.testng.reporters.JUnitReportReporter -->
<testsuite hostname="LAPTOP-PONECF60" failures="0" tests="2" name="readdata.LoginActitime" time="18.538" errors="0" timestamp="2023-09-27T17:49:46 BST" skipped="0">
  <testcase classname="readdata.LoginActitime" name="login" time="7.266"/>
  <testcase classname="readdata.LoginActitime" name="login" time="11.272"/>
</testsuite> <!-- readdata.LoginActitime -->
