<?xml version="1.0" encoding="UTF-8"?>
<!-- Generated by org.testng.reporters.JUnitReportReporter -->
<testsuite hostname="LAPTOP-PONECF60" failures="0" tests="5" name="workingWithTestNG.InvocationCount" time="0.031" errors="0" timestamp="2023-09-18T16:02:14 BST" skipped="0">
  <testcase classname="workingWithTestNG.InvocationCount" name="message" time="0.004"/>
  <testcase classname="workingWithTestNG.InvocationCount" name="message" time="0.001"/>
  <testcase classname="workingWithTestNG.InvocationCount" name="otp" time="0.020"/>
  <testcase classname="workingWithTestNG.InvocationCount" name="login" time="0.004"/>
  <testcase classname="workingWithTestNG.InvocationCount" name="message" time="0.002"/>
</testsuite> <!-- workingWithTestNG.InvocationCount -->
