<?xml version="1.0" encoding="UTF-8"?>
<!-- Generated by org.testng.reporters.JUnitReportReporter -->
<testsuite hostname="LAPTOP-PONECF60" failures="0" tests="5" name="workingWithTestNG.InnocationCount" time="0.034" errors="0" timestamp="2023-09-06T18:48:22 BST" skipped="0">
  <testcase classname="workingWithTestNG.InnocationCount" name="message" time="0.003"/>
  <testcase classname="workingWithTestNG.InnocationCount" name="message" time="0.003"/>
  <testcase classname="workingWithTestNG.InnocationCount" name="otp" time="0.016"/>
  <testcase classname="workingWithTestNG.InnocationCount" name="login" time="0.007"/>
  <testcase classname="workingWithTestNG.InnocationCount" name="message" time="0.005"/>
</testsuite> <!-- workingWithTestNG.InnocationCount -->
