<?xml version="1.0" encoding="UTF-8"?>
<!-- Generated by org.testng.reporters.JUnitReportReporter -->
<testsuite hostname="LAPTOP-PONECF60" failures="0" tests="6" name="workingWithTestNG.WorkingWithPriority" time="0.025" errors="0" timestamp="2023-09-05T18:47:19 BST" skipped="0">
  <testcase classname="workingWithTestNG.WorkingWithPriority" name="productCart" time="0.013"/>
  <testcase classname="workingWithTestNG.WorkingWithPriority" name="Home" time="0.002"/>
  <testcase classname="workingWithTestNG.WorkingWithPriority" name="Register" time="0.002"/>
  <testcase classname="workingWithTestNG.WorkingWithPriority" name="login" time="0.005"/>
  <testcase classname="workingWithTestNG.WorkingWithPriority" name="payment" time="0.002"/>
  <testcase classname="workingWithTestNG.WorkingWithPriority" name="logOut" time="0.001"/>
</testsuite> <!-- workingWithTestNG.WorkingWithPriority -->
