<?xml version="1.0" encoding="UTF-8"?>
<!-- Generated by org.testng.reporters.JUnitReportReporter -->
<testsuite hostname="LAPTOP-PONECF60" failures="0" tests="1" name="cart.TC_Cart_121" time="14.824" errors="0" timestamp="2023-09-22T12:07:31 BST" skipped="0">
  <testcase classname="cart.TC_Cart_121" name="removeProd" time="14.824"/>
</testsuite> <!-- cart.TC_Cart_121 -->
